{"numFailedTestSuites":0,"numFailedTests":0,"numPassedTestSuites":17,"numPassedTests":36,"numPendingTestSuites":0,"numPendingTests":0,"numRuntimeErrorTestSuites":0,"numTodoTests":0,"numTotalTestSuites":17,"numTotalTests":36,"openHandles":[],"snapshot":{"added":0,"didUpdate":false,"failure":false,"filesAdded":0,"filesRemoved":0,"filesRemovedList":[],"filesUnmatched":0,"filesUpdated":0,"matched":0,"total":0,"unchecked":0,"uncheckedKeysByFile":[],"unmatched":0,"updated":0},"startTime":1757849434909,"success":true,"testResults":[{"assertionResults":[{"ancestorTitles":["Webhook delivery system"],"duration":220,"failureDetails":[],"failureMessages":[],"fullName":"Webhook delivery system delivers property.new and job.completed with headers & signature","invocations":1,"location":null,"numPassingAsserts":6,"retryReasons":[],"status":"passed","title":"delivers property.new and job.completed with headers & signature"},{"ancestorTitles":["Webhook delivery system"],"duration":474,"failureDetails":[],"failureMessages":[],"fullName":"Webhook delivery system records failure after retries for unreachable subscription","invocations":1,"location":null,"numPassingAsserts":2,"retryReasons":[],"status":"passed","title":"records failure after retries for unreachable subscription"}],"endTime":1757849436413,"message":"","name":"C:\\Projects\\FlipTracker\\FlipTracker\\flip_tracker_full\\leadflow_ai\\tests\\dev\\webhook-delivery.test.ts","startTime":1757849435143,"status":"passed","summary":""},{"assertionResults":[{"ancestorTitles":["Webhook Replay Flow"],"duration":258,"failureDetails":[],"failureMessages":[],"fullName":"Webhook Replay Flow replay endpoint enqueues job and not yet resolved until success","invocations":1,"location":null,"numPassingAsserts":4,"retryReasons":[],"status":"passed","title":"replay endpoint enqueues job and not yet resolved until success"},{"ancestorTitles":["Webhook Replay Flow"],"duration":382,"failureDetails":[],"failureMessages":[],"fullName":"Webhook Replay Flow after fixing subscription, replay resolves failure","invocations":1,"location":null,"numPassingAsserts":5,"retryReasons":[],"status":"passed","title":"after fixing subscription, replay resolves failure"},{"ancestorTitles":["Webhook Replay Flow"],"duration":4168,"failureDetails":[],"failureMessages":[],"fullName":"Webhook Replay Flow bulk replay resolves multiple failures and increments bulk metrics","invocations":1,"location":null,"numPassingAsserts":3,"retryReasons":[],"status":"passed","title":"bulk replay resolves multiple failures and increments bulk metrics"}],"endTime":1757849441924,"message":"","name":"C:\\Projects\\FlipTracker\\FlipTracker\\flip_tracker_full\\leadflow_ai\\tests\\dev\\webhook-replay.test.ts","startTime":1757849436425,"status":"passed","summary":""},{"assertionResults":[{"ancestorTitles":["Webhook Failures Admin Flow"],"duration":18339,"failureDetails":[],"failureMessages":[],"fullName":"Webhook Failures Admin Flow captures failure records after retries","invocations":1,"location":null,"numPassingAsserts":6,"retryReasons":[],"status":"passed","title":"captures failure records after retries"},{"ancestorTitles":["Webhook Failures Admin Flow"],"duration":1065,"failureDetails":[],"failureMessages":[],"fullName":"Webhook Failures Admin Flow retries single failure","invocations":1,"location":null,"numPassingAsserts":2,"retryReasons":[],"status":"passed","title":"retries single failure"},{"ancestorTitles":["Webhook Failures Admin Flow"],"duration":57,"failureDetails":[],"failureMessages":[],"fullName":"Webhook Failures Admin Flow bulk retry endpoint works (no filter)","invocations":1,"location":null,"numPassingAsserts":1,"retryReasons":[],"status":"passed","title":"bulk retry endpoint works (no filter)"},{"ancestorTitles":["Webhook Failures Admin Flow"],"duration":24,"failureDetails":[],"failureMessages":[],"fullName":"Webhook Failures Admin Flow webhook metrics endpoint returns expected shape","invocations":1,"location":null,"numPassingAsserts":3,"retryReasons":[],"status":"passed","title":"webhook metrics endpoint returns expected shape"}],"endTime":1757849461610,"message":"","name":"C:\\Projects\\FlipTracker\\FlipTracker\\flip_tracker_full\\leadflow_ai\\tests\\dev\\webhook-failures.test.ts","startTime":1757849441931,"status":"passed","summary":""},{"assertionResults":[{"ancestorTitles":["Bulk enqueue scraping jobs"],"duration":1451,"failureDetails":[],"failureMessages":[],"fullName":"Bulk enqueue scraping jobs enqueues bulk jobs and returns no duplicates (baseline)","invocations":1,"location":null,"numPassingAsserts":4,"retryReasons":[],"status":"passed","title":"enqueues bulk jobs and returns no duplicates (baseline)"},{"ancestorTitles":["Bulk enqueue scraping jobs"],"duration":536,"failureDetails":[],"failureMessages":[],"fullName":"Bulk enqueue scraping jobs handles historical range with meta.historyWindow and counties expansion","invocations":1,"location":null,"numPassingAsserts":5,"retryReasons":[],"status":"passed","title":"handles historical range with meta.historyWindow and counties expansion"},{"ancestorTitles":["Bulk enqueue scraping jobs"],"duration":867,"failureDetails":[],"failureMessages":[],"fullName":"Bulk enqueue scraping jobs applies filters and records metadata with dedup","invocations":1,"location":null,"numPassingAsserts":5,"retryReasons":[],"status":"passed","title":"applies filters and records metadata with dedup"}],"endTime":1757849464610,"message":"","name":"C:\\Projects\\FlipTracker\\FlipTracker\\flip_tracker_full\\leadflow_ai\\tests\\dev\\bulk-job.test.ts","startTime":1757849461624,"status":"passed","summary":""},{"assertionResults":[{"ancestorTitles":["Webhook Delivery Listing"],"duration":900,"failureDetails":[],"failureMessages":[],"fullName":"Webhook Delivery Listing lists mixed delivery records with filters","invocations":1,"location":null,"numPassingAsserts":3,"retryReasons":[],"status":"passed","title":"lists mixed delivery records with filters"},{"ancestorTitles":["Webhook Delivery Listing"],"duration":260,"failureDetails":[],"failureMessages":[],"fullName":"Webhook Delivery Listing marks resolved after retry and appears as isResolved=true","invocations":1,"location":null,"numPassingAsserts":0,"retryReasons":[],"status":"passed","title":"marks resolved after retry and appears as isResolved=true"}],"endTime":1757849479694,"message":"","name":"C:\\Projects\\FlipTracker\\FlipTracker\\flip_tracker_full\\leadflow_ai\\tests\\dev\\webhook-delivery-list.test.ts","startTime":1757849464620,"status":"passed","summary":""},{"assertionResults":[{"ancestorTitles":["Admin dashboard metrics & timeline"],"duration":918,"failureDetails":[],"failureMessages":[],"fullName":"Admin dashboard metrics & timeline returns dashboard metrics with defaults","invocations":1,"location":null,"numPassingAsserts":4,"retryReasons":[],"status":"passed","title":"returns dashboard metrics with defaults"},{"ancestorTitles":["Admin dashboard metrics & timeline"],"duration":48,"failureDetails":[],"failureMessages":[],"fullName":"Admin dashboard metrics & timeline returns timeline with pagination & sorting","invocations":1,"location":null,"numPassingAsserts":3,"retryReasons":[],"status":"passed","title":"returns timeline with pagination & sorting"}],"endTime":1757849480759,"message":"","name":"C:\\Projects\\FlipTracker\\FlipTracker\\flip_tracker_full\\leadflow_ai\\tests\\dev\\admin-dashboard.test.ts","startTime":1757849479701,"status":"passed","summary":""},{"assertionResults":[{"ancestorTitles":["Webhook Retry Flow"],"duration":12908,"failureDetails":[],"failureMessages":[],"fullName":"Webhook Retry Flow lands in dead-letter after max attempts","invocations":1,"location":null,"numPassingAsserts":2,"retryReasons":[],"status":"passed","title":"lands in dead-letter after max attempts"},{"ancestorTitles":["Webhook Retry Flow"],"duration":36,"failureDetails":[],"failureMessages":[],"fullName":"Webhook Retry Flow single retry requeues","invocations":1,"location":null,"numPassingAsserts":1,"retryReasons":[],"status":"passed","title":"single retry requeues"},{"ancestorTitles":["Webhook Retry Flow"],"duration":23,"failureDetails":[],"failureMessages":[],"fullName":"Webhook Retry Flow bulk retry returns retried > 0","invocations":1,"location":null,"numPassingAsserts":1,"retryReasons":[],"status":"passed","title":"bulk retry returns retried > 0"},{"ancestorTitles":["webhook retry resolution"],"duration":1156,"failureDetails":[],"failureMessages":[],"fullName":"webhook retry resolution marks failure resolved after successful retry","invocations":1,"location":null,"numPassingAsserts":4,"retryReasons":[],"status":"passed","title":"marks failure resolved after successful retry"}],"endTime":1757849495065,"message":"","name":"C:\\Projects\\FlipTracker\\FlipTracker\\flip_tracker_full\\leadflow_ai\\tests\\dev\\webhook-retry.test.ts","startTime":1757849480770,"status":"passed","summary":""},{"assertionResults":[{"ancestorTitles":["Public properties feed"],"duration":930,"failureDetails":[],"failureMessages":[],"fullName":"Public properties feed produces results after enqueue and supports filters & pagination","invocations":1,"location":null,"numPassingAsserts":4,"retryReasons":[],"status":"passed","title":"produces results after enqueue and supports filters & pagination"},{"ancestorTitles":["Public properties feed"],"duration":21,"failureDetails":[],"failureMessages":[],"fullName":"Public properties feed supports propertyType and dedupedOnly toggle","invocations":1,"location":null,"numPassingAsserts":1,"retryReasons":[],"status":"passed","title":"supports propertyType and dedupedOnly toggle"}],"endTime":1757849496120,"message":"","name":"C:\\Projects\\FlipTracker\\FlipTracker\\flip_tracker_full\\leadflow_ai\\tests\\dev\\properties-feed.test.ts","startTime":1757849495076,"status":"passed","summary":""},{"assertionResults":[{"ancestorTitles":["Lead Feed API"],"duration":712,"failureDetails":[],"failureMessages":[],"fullName":"Lead Feed API supports filters, pagination, and sorting","invocations":1,"location":null,"numPassingAsserts":7,"retryReasons":[],"status":"passed","title":"supports filters, pagination, and sorting"}],"endTime":1757849496941,"message":"","name":"C:\\Projects\\FlipTracker\\FlipTracker\\flip_tracker_full\\leadflow_ai\\tests\\dev\\feed.test.ts","startTime":1757849496132,"status":"passed","summary":""},{"assertionResults":[{"ancestorTitles":["Metrics Exposure"],"duration":635,"failureDetails":[],"failureMessages":[],"fullName":"Metrics Exposure includes required metric keys","invocations":1,"location":null,"numPassingAsserts":10,"retryReasons":[],"status":"passed","title":"includes required metric keys"}],"endTime":1757849497682,"message":"","name":"C:\\Projects\\FlipTracker\\FlipTracker\\flip_tracker_full\\leadflow_ai\\tests\\dev\\metrics.test.ts","startTime":1757849496952,"status":"passed","summary":""},{"assertionResults":[{"ancestorTitles":["Matchmaking Admin Tools"],"duration":401,"failureDetails":[],"failureMessages":[],"fullName":"Matchmaking Admin Tools creates, lists (with filters), and replays a job","invocations":1,"location":null,"numPassingAsserts":7,"retryReasons":[],"status":"passed","title":"creates, lists (with filters), and replays a job"}],"endTime":1757849498237,"message":"","name":"C:\\Projects\\FlipTracker\\FlipTracker\\flip_tracker_full\\leadflow_ai\\tests\\dev\\matchmaking-admin.test.ts","startTime":1757849497697,"status":"passed","summary":""},{"assertionResults":[{"ancestorTitles":["Enrichment Pipeline (Deterministic Scoring)"],"duration":173,"failureDetails":[],"failureMessages":[],"fullName":"Enrichment Pipeline (Deterministic Scoring) scores high-potential property and assigns tag","invocations":1,"location":null,"numPassingAsserts":2,"retryReasons":[],"status":"passed","title":"scores high-potential property and assigns tag"},{"ancestorTitles":["Enrichment Pipeline (Deterministic Scoring)"],"duration":147,"failureDetails":[],"failureMessages":[],"fullName":"Enrichment Pipeline (Deterministic Scoring) applies low-margin tag when sqft small & price high","invocations":1,"location":null,"numPassingAsserts":3,"retryReasons":[],"status":"passed","title":"applies low-margin tag when sqft small & price high"}],"endTime":1757849498762,"message":"","name":"C:\\Projects\\FlipTracker\\FlipTracker\\flip_tracker_full\\leadflow_ai\\tests\\dev\\enrichment.test.ts","startTime":1757849498248,"status":"passed","summary":""},{"assertionResults":[{"ancestorTitles":["Matchmaking Auto-Trigger"],"duration":249,"failureDetails":[],"failureMessages":[],"fullName":"Matchmaking Auto-Trigger auto-enqueues matchmaking on enrichment (score>=85)","invocations":1,"location":null,"numPassingAsserts":4,"retryReasons":[],"status":"passed","title":"auto-enqueues matchmaking on enrichment (score>=85)"}],"endTime":1757849499124,"message":"","name":"C:\\Projects\\FlipTracker\\FlipTracker\\flip_tracker_full\\leadflow_ai\\tests\\dev\\matchmaking-auto-trigger.test.ts","startTime":1757849498774,"status":"passed","summary":""},{"assertionResults":[{"ancestorTitles":["Matchmaking Job"],"duration":242,"failureDetails":[],"failureMessages":[],"fullName":"Matchmaking Job creates and processes matchmaking job","invocations":1,"location":null,"numPassingAsserts":4,"retryReasons":[],"status":"passed","title":"creates and processes matchmaking job"}],"endTime":1757849499494,"message":"","name":"C:\\Projects\\FlipTracker\\FlipTracker\\flip_tracker_full\\leadflow_ai\\tests\\dev\\matchmaking.test.ts","startTime":1757849499132,"status":"passed","summary":""},{"assertionResults":[{"ancestorTitles":["Export Leads API"],"duration":39,"failureDetails":[],"failureMessages":[],"fullName":"Export Leads API returns JSON export with filters","invocations":1,"location":null,"numPassingAsserts":103,"retryReasons":[],"status":"passed","title":"returns JSON export with filters"},{"ancestorTitles":["Export Leads API"],"duration":26,"failureDetails":[],"failureMessages":[],"fullName":"Export Leads API returns CSV export with filters and proper headers","invocations":1,"location":null,"numPassingAsserts":4,"retryReasons":[],"status":"passed","title":"returns CSV export with filters and proper headers"},{"ancestorTitles":["Export Leads API"],"duration":36,"failureDetails":[],"failureMessages":[],"fullName":"Export Leads API pagination works","invocations":1,"location":null,"numPassingAsserts":3,"retryReasons":[],"status":"passed","title":"pagination works"},{"ancestorTitles":["Export Leads API"],"duration":18,"failureDetails":[],"failureMessages":[],"fullName":"Export Leads API invalid format returns error","invocations":1,"location":null,"numPassingAsserts":2,"retryReasons":[],"status":"passed","title":"invalid format returns error"}],"endTime":1757849499756,"message":"","name":"C:\\Projects\\FlipTracker\\FlipTracker\\flip_tracker_full\\leadflow_ai\\tests\\dev\\export-leads.test.ts","startTime":1757849499501,"status":"passed","summary":""},{"assertionResults":[{"ancestorTitles":["Export Enhancements"],"duration":56,"failureDetails":[],"failureMessages":[],"fullName":"Export Enhancements adds reasons and tagReasons CSV columns and enforces max result size","invocations":1,"location":null,"numPassingAsserts":3,"retryReasons":[],"status":"passed","title":"adds reasons and tagReasons CSV columns and enforces max result size"},{"ancestorTitles":["Export Enhancements"],"duration":34,"failureDetails":[],"failureMessages":[],"fullName":"Export Enhancements returns error when result exceeds cap","invocations":1,"location":null,"numPassingAsserts":1,"retryReasons":[],"status":"passed","title":"returns error when result exceeds cap"}],"endTime":1757849499994,"message":"","name":"C:\\Projects\\FlipTracker\\FlipTracker\\flip_tracker_full\\leadflow_ai\\tests\\dev\\export-enhancements.test.ts","startTime":1757849499786,"status":"passed","summary":""},{"assertionResults":[{"ancestorTitles":["Delivery History API"],"duration":58,"failureDetails":[],"failureMessages":[],"fullName":"Delivery History API lists delivery history with filters","invocations":1,"location":null,"numPassingAsserts":4,"retryReasons":[],"status":"passed","title":"lists delivery history with filters"}],"endTime":1757849500188,"message":"","name":"C:\\Projects\\FlipTracker\\FlipTracker\\flip_tracker_full\\leadflow_ai\\tests\\dev\\delivery-history.test.ts","startTime":1757849500009,"status":"passed","summary":""}],"wasInterrupted":false}
